[2024-06-10T23:29:03.892+0700] [com.Java5.CustomerController.SignInController] [http-nio-8080-exec-4] [38] [INFO ] 
Displaying sign-in page.
[2024-06-10T23:29:09.434+0700] [com.Java5.CustomerController.SignInController] [http-nio-8080-exec-1] [45] [INFO ] Attempting to sign in user [mnhan].
[2024-06-10T23:29:09.484+0700] [com.Java5.CustomerController.SignInController] [http-nio-8080-exec-1] [71] [INFO ] Customer [mnhan] signed in successfully.
[2024-06-10T23:47:57.775+0700] [com.Java5.CustomerController.SignInController] [http-nio-8080-exec-5] [39] [INFO ] Displaying sign-in page.
[2024-06-10T23:48:04.638+0700] [com.Java5.CustomerController.SignInController] [http-nio-8080-exec-3] [72] [INFO ] Customer [mnhan] signed in successfully.
[2024-06-11T03:14:44.155+0700] [com.Java5.CustomerController.SignInController] [http-nio-8080-exec-3] [39] [INFO ] Displaying sign-in page.
[2024-06-11T03:14:45.201+0700] [com.Java5.CustomerController.SignInController] [http-nio-8080-exec-5] [39] [INFO ] Displaying sign-in page.
[2024-06-11T13:19:50.858+0700] [com.Java5.CustomerController.SignInController] [http-nio-8080-exec-4] [39] [INFO ] Displaying sign-in page.
[2024-06-11T13:19:51.234+0700] [com.Java5.CustomerController.SignInController] [http-nio-8080-exec-9] [39] [INFO ] Displaying sign-in page.
[2024-06-11T13:19:57.324+0700] [com.Java5.CustomerController.SignInController] [http-nio-8080-exec-2] [72] [INFO ] Customer [mnhan] signed in successfully.
[2024-06-11T13:20:26.214+0700] [com.Java5.CustomerController.SignInController] [http-nio-8080-exec-6] [39] [INFO ] Displaying sign-in page.
[2024-06-11T13:20:29.855+0700] [com.Java5.CustomerController.SignInController] [http-nio-8080-exec-8] [72] [INFO ] Admin [hau] signed in successfully.
[2024-06-11T14:01:59.355+0700] [com.Java5.CustomerController.SignInController] [http-nio-8080-exec-8] [39] [INFO ] Displaying sign-in page.
[2024-06-11T14:01:59.804+0700] [com.Java5.CustomerController.SignInController] [http-nio-8080-exec-3] [39] [INFO ] Displaying sign-in page.
[2024-06-11T14:02:07.011+0700] [com.Java5.CustomerController.SignInController] [http-nio-8080-exec-5] [72] [INFO ] Admin [hau] signed in successfully.
[2024-06-11T14:09:46.760+0700] [com.Java5.CustomerController.SignInController] [http-nio-8080-exec-2] [39] [INFO ] Displaying sign-in page.
[2024-06-11T14:09:48.943+0700] [com.Java5.CustomerController.SignInController] [http-nio-8080-exec-4] [39] [INFO ] Displaying sign-in page.
[2024-06-11T14:09:57.116+0700] [com.Java5.CustomerController.SignInController] [http-nio-8080-exec-6] [72] [INFO ] Employee [] signed in successfully.
[2024-06-11T14:09:57.171+0700] [com.Java5.CustomerController.SignInController] [http-nio-8080-exec-7] [72] [INFO ] Admin [hau] signed in successfully.
[2024-06-11T14:40:12.122+0700] [com.Java5.CustomerController.SignInController] [http-nio-8080-exec-7] [39] [INFO ] Displaying sign-in page.
[2024-06-11T14:40:12.488+0700] [com.Java5.CustomerController.SignInController] [http-nio-8080-exec-6] [39] [INFO ] Displaying sign-in page.
[2024-06-11T15:41:56.478+0700] [com.Java5.CustomerController.SignInController] [http-nio-8080-exec-5] [39] [INFO ] Displaying sign-in page.
[2024-06-11T15:41:57.145+0700] [com.Java5.CustomerController.SignInController] [http-nio-8080-exec-2] [39] [INFO ] Displaying sign-in page.
[2024-06-11T15:42:04.036+0700] [com.Java5.CustomerController.SignInController] [http-nio-8080-exec-7] [72] [INFO ] Customer [mnhan] signed in successfully.
[2024-06-11T15:44:05.821+0700] [com.Java5.CustomerController.SignInController] [http-nio-8080-exec-5] [39] [INFO ] Displaying sign-in page.
[2024-06-11T15:44:15.289+0700] [com.Java5.CustomerController.SignInController] [http-nio-8080-exec-1] [72] [INFO ] Admin [hau] signed in successfully.
[2024-06-12T01:42:00.450+0700] [com.Java5.CustomerController.SignInController] [http-nio-8080-exec-2] [39] [INFO ] Displaying sign-in page.
[2024-06-12T01:42:00.990+0700] [com.Java5.CustomerController.SignInController] [http-nio-8080-exec-1] [39] [INFO ] Displaying sign-in page.
[2024-06-12T01:42:17.327+0700] [com.Java5.CustomerController.SignInController] [http-nio-8080-exec-9] [72] [INFO ] Customer [mnhan] signed in successfully.
[2024-06-12T03:10:28.240+0700] [com.Java5.CustomerController.SignInController] [http-nio-8080-exec-7] [39] [INFO ] Displaying sign-in page.
[2024-06-12T03:10:28.564+0700] [com.Java5.CustomerController.SignInController] [http-nio-8080-exec-2] [39] [INFO ] Displaying sign-in page.
[2024-06-12T03:10:44.744+0700] [com.Java5.CustomerController.SignInController] [http-nio-8080-exec-1] [72] [INFO ] Customer [mnhan] signed in successfully.
[2024-06-12T03:11:20.668+0700] [com.Java5.CustomerController.SignInController] [http-nio-8080-exec-1] [39] [INFO ] Displaying sign-in page.
[2024-06-12T03:11:20.741+0700] [com.Java5.CustomerController.SignInController] [http-nio-8080-exec-7] [39] [INFO ] Displaying sign-in page.
[2024-06-12T03:11:32.987+0700] [com.Java5.CustomerController.SignInController] [http-nio-8080-exec-5] [72] [INFO ] Customer [user1] signed in successfully.
[2024-06-12T03:50:14.898+0700] [com.Java5.CustomerController.SignInController] [http-nio-8080-exec-4] [39] [INFO ] Displaying sign-in page.
[2024-06-12T03:50:15.280+0700] [com.Java5.CustomerController.SignInController] [http-nio-8080-exec-7] [39] [INFO ] Displaying sign-in page.
[2024-06-12T03:50:22.598+0700] [com.Java5.CustomerController.SignInController] [http-nio-8080-exec-9] [72] [INFO ] Customer [mnhan] signed in successfully.
[2024-06-12T04:12:24.812+0700] [com.Java5.CustomerController.SignInController] [http-nio-8080-exec-1] [39] [INFO ] Displaying sign-in page.
[2024-06-12T04:12:30.923+0700] [com.Java5.CustomerController.SignInController] [http-nio-8080-exec-4] [72] [INFO ] Customer [mnhan] signed in successfully.
[2024-06-12T04:14:50.753+0700] [com.Java5.CustomerController.SignInController] [http-nio-8080-exec-4] [39] [INFO ] Displaying sign-in page.
[2024-06-12T04:14:56.325+0700] [com.Java5.CustomerController.SignInController] [http-nio-8080-exec-9] [72] [INFO ] Customer [mnhan] signed in successfully.
[2024-06-12T04:18:17.015+0700] [com.Java5.CustomerController.SignInController] [http-nio-8080-exec-7] [39] [INFO ] Displaying sign-in page.
[2024-06-12T04:59:44.542+0700] [com.Java5.CustomerController.SignInController] [http-nio-8080-exec-5] [39] [INFO ] Displaying sign-in page.
[2024-06-12T04:59:44.877+0700] [com.Java5.CustomerController.SignInController] [http-nio-8080-exec-2] [39] [INFO ] Displaying sign-in page.
[2024-06-12T04:59:57.306+0700] [com.Java5.CustomerController.SignInController] [http-nio-8080-exec-8] [72] [INFO ] Customer [mnhan] signed in successfully.
[2024-06-12T06:55:54.991+0700] [com.Java5.CustomerController.SignInController] [http-nio-8080-exec-8] [39] [INFO ] Displaying sign-in page.
[2024-06-12T07:01:28.908+0700] [com.Java5.CustomerController.SignInController] [http-nio-8080-exec-1] [39] [INFO ] Displaying sign-in page.
[2024-06-12T07:01:47.500+0700] [com.Java5.CustomerController.SignInController] [http-nio-8080-exec-4] [39] [INFO ] Displaying sign-in page.
[2024-06-12T07:01:55.836+0700] [com.Java5.CustomerController.SignInController] [http-nio-8080-exec-1] [39] [INFO ] Displaying sign-in page.
[2024-06-12T07:15:02.166+0700] [com.Java5.CustomerController.SignInController] [http-nio-8080-exec-1] [39] [INFO ] Displaying sign-in page.
[2024-06-12T07:22:46.736+0700] [com.Java5.CustomerController.SignInController] [http-nio-8080-exec-4] [39] [INFO ] Displaying sign-in page.
[2024-06-12T07:26:01.173+0700] [com.Java5.CustomerController.SignInController] [http-nio-8080-exec-10] [39] [INFO ] Displaying sign-in page.
[2024-06-12T07:26:09.011+0700] [com.Java5.CustomerController.SignInController] [http-nio-8080-exec-3] [72] [INFO ] Customer [mnhan] signed in successfully.
[2024-06-12T07:28:12.045+0700] [com.Java5.CustomerController.SignInController] [http-nio-8080-exec-7] [39] [INFO ] Displaying sign-in page.
[2024-06-12T07:28:12.141+0700] [com.Java5.CustomerController.SignInController] [http-nio-8080-exec-3] [39] [INFO ] Displaying sign-in page.
[2024-06-12T07:28:29.746+0700] [com.Java5.CustomerController.SignInController] [http-nio-8080-exec-10] [72] [INFO ] Customer [mnhan] signed in successfully.
[2024-06-12T07:36:43.267+0700] [com.Java5.CustomerController.SignInController] [http-nio-8080-exec-2] [39] [INFO ] Displaying sign-in page.
[2024-06-12T07:36:55.799+0700] [com.Java5.CustomerController.SignInController] [http-nio-8080-exec-9] [72] [INFO ] Customer [thanh] signed in successfully.
[2024-06-12T07:37:02.760+0700] [com.Java5.CustomerController.SignInController] [http-nio-8080-exec-5] [39] [INFO ] Displaying sign-in page.
[2024-06-12T07:37:02.870+0700] [com.Java5.CustomerController.SignInController] [http-nio-8080-exec-2] [39] [INFO ] Displaying sign-in page.
[2024-06-12T07:38:19.388+0700] [com.Java5.CustomerController.SignInController] [http-nio-8080-exec-2] [39] [INFO ] Displaying sign-in page.
[2024-06-12T07:38:19.989+0700] [com.Java5.CustomerController.SignInController] [http-nio-8080-exec-4] [39] [INFO ] Displaying sign-in page.
[2024-06-12T07:38:26.956+0700] [com.Java5.CustomerController.SignInController] [http-nio-8080-exec-6] [72] [INFO ] Customer [thanh] signed in successfully.
[2024-06-12T08:14:02.104+0700] [com.Java5.CustomerController.SignInController] [http-nio-8080-exec-5] [39] [INFO ] Displaying sign-in page.
[2024-06-12T08:14:02.574+0700] [com.Java5.CustomerController.SignInController] [http-nio-8080-exec-2] [39] [INFO ] Displaying sign-in page.
[2024-06-12T08:14:09.303+0700] [com.Java5.CustomerController.SignInController] [http-nio-8080-exec-8] [72] [INFO ] Customer [thanh] signed in successfully.
[2024-06-12T08:14:35.730+0700] [com.Java5.CustomerController.SignInController] [http-nio-8080-exec-4] [39] [INFO ] Displaying sign-in page.
[2024-06-12T08:14:35.817+0700] [com.Java5.CustomerController.SignInController] [http-nio-8080-exec-10] [39] [INFO ] Displaying sign-in page.
[2024-06-12T08:14:39.987+0700] [com.Java5.CustomerController.SignInController] [http-nio-8080-exec-8] [83] [WARN ] Sign-in attempt for user [mnhan] failed: invalid username or password.
[2024-06-12T08:14:40.016+0700] [com.Java5.CustomerController.SignInController] [http-nio-8080-exec-1] [39] [INFO ] Displaying sign-in page.
[2024-06-12T08:14:40.099+0700] [com.Java5.CustomerController.SignInController] [http-nio-8080-exec-7] [39] [INFO ] Displaying sign-in page.
[2024-06-12T08:14:57.546+0700] [com.Java5.CustomerController.SignInController] [http-nio-8080-exec-9] [83] [WARN ] Sign-in attempt for user [] failed: invalid username or password.
[2024-06-12T08:14:57.557+0700] [com.Java5.CustomerController.SignInController] [http-nio-8080-exec-5] [39] [INFO ] Displaying sign-in page.
[2024-06-12T08:14:57.649+0700] [com.Java5.CustomerController.SignInController] [http-nio-8080-exec-4] [39] [INFO ] Displaying sign-in page.
[2024-06-12T08:15:05.294+0700] [com.Java5.CustomerController.SignInController] [http-nio-8080-exec-3] [72] [INFO ] Customer [mnhan] signed in successfully.
[2024-06-12T08:16:56.917+0700] [com.Java5.CustomerController.SignInController] [http-nio-8080-exec-4] [39] [INFO ] Displaying sign-in page.
[2024-06-12T08:17:19.770+0700] [com.Java5.CustomerController.SignInController] [http-nio-8080-exec-7] [72] [INFO ] Admin [admin1] signed in successfully.
[2024-06-12T16:14:39.969+0700] [com.Java5.CustomerController.SignInController] [http-nio-8080-exec-8] [39] [INFO ] Displaying sign-in page.
[2024-06-12T16:14:40.359+0700] [com.Java5.CustomerController.SignInController] [http-nio-8080-exec-5] [39] [INFO ] Displaying sign-in page.
[2024-06-12T16:14:51.978+0700] [com.Java5.CustomerController.SignInController] [http-nio-8080-exec-3] [72] [INFO ] Customer [user1] signed in successfully.
[2024-06-12T16:14:58.481+0700] [com.Java5.CustomerController.BookingRoomController] [http-nio-8080-exec-2] [62] [INFO ] GET /customer/bookingroom/22 - Fetching room and customer details
[2024-06-12T16:14:58.508+0700] [com.Java5.CustomerController.BookingRoomController] [http-nio-8080-exec-2] [73] [INFO ] Room and customer details found for roomID: 22 and username: user1
[2024-06-12T16:16:04.391+0700] [com.Java5.CustomerController.BookingRoomController] [http-nio-8080-exec-1] [62] [INFO ] GET /customer/bookingroom/22 - Fetching room and customer details
[2024-06-12T16:16:04.438+0700] [com.Java5.CustomerController.BookingRoomController] [http-nio-8080-exec-1] [73] [INFO ] Room and customer details found for roomID: 22 and username: user1
[2024-06-12T16:16:31.749+0700] [com.Java5.CustomerController.BookingRoomController] [http-nio-8080-exec-1] [62] [INFO ] GET /customer/bookingroom/22 - Fetching room and customer details
[2024-06-12T16:16:31.789+0700] [com.Java5.CustomerController.BookingRoomController] [http-nio-8080-exec-1] [73] [INFO ] Room and customer details found for roomID: 22 and username: user1
[2024-06-12T16:16:52.234+0700] [com.Java5.CustomerController.BookingRoomController] [http-nio-8080-exec-2] [62] [INFO ] GET /customer/bookingroom/22 - Fetching room and customer details
[2024-06-12T16:16:52.279+0700] [com.Java5.CustomerController.BookingRoomController] [http-nio-8080-exec-2] [73] [INFO ] Room and customer details found for roomID: 22 and username: user1
[2024-06-12T16:16:59.810+0700] [com.Java5.CustomerController.BookingRoomController] [http-nio-8080-exec-1] [137] [INFO ] POST /customer/bookingroom/add - Booking room with roomID: 22
[2024-06-12T16:16:59.812+0700] [com.Java5.CustomerController.BookingRoomController] [http-nio-8080-exec-1] [183] [ERROR] Error occurred while booking room with roomID: 22
java.text.ParseException: Unparseable date: ""
	at java.base/java.text.DateFormat.parse(DateFormat.java:399)
	at com.Java5.CustomerController.BookingRoomController.bookARoom(BookingRoomController.java:143)
	at java.base/jdk.internal.reflect.NativeMethodAccessorImpl.invoke0(Native Method)
	at java.base/jdk.internal.reflect.NativeMethodAccessorImpl.invoke(NativeMethodAccessorImpl.java:77)
	at java.base/jdk.internal.reflect.DelegatingMethodAccessorImpl.invoke(DelegatingMethodAccessorImpl.java:43)
	at java.base/java.lang.reflect.Method.invoke(Method.java:568)
	at org.springframework.web.method.support.InvocableHandlerMethod.doInvoke(InvocableHandlerMethod.java:255)
	at org.springframework.web.method.support.InvocableHandlerMethod.invokeForRequest(InvocableHandlerMethod.java:188)
	at org.springframework.web.servlet.mvc.method.annotation.ServletInvocableHandlerMethod.invokeAndHandle(ServletInvocableHandlerMethod.java:118)
	at org.springframework.web.servlet.mvc.method.annotation.RequestMappingHandlerAdapter.invokeHandlerMethod(RequestMappingHandlerAdapter.java:926)
	at org.springframework.web.servlet.mvc.method.annotation.RequestMappingHandlerAdapter.handleInternal(RequestMappingHandlerAdapter.java:831)
	at org.springframework.web.servlet.mvc.method.AbstractHandlerMethodAdapter.handle(AbstractHandlerMethodAdapter.java:87)
	at org.springframework.web.servlet.DispatcherServlet.doDispatch(DispatcherServlet.java:1089)
	at org.springframework.web.servlet.DispatcherServlet.doService(DispatcherServlet.java:979)
	at org.springframework.web.servlet.FrameworkServlet.processRequest(FrameworkServlet.java:1014)
	at org.springframework.web.servlet.FrameworkServlet.doPost(FrameworkServlet.java:914)
	at jakarta.servlet.http.HttpServlet.service(HttpServlet.java:547)
	at org.springframework.web.servlet.FrameworkServlet.service(FrameworkServlet.java:885)
	at jakarta.servlet.http.HttpServlet.service(HttpServlet.java:614)
	at org.apache.catalina.core.ApplicationFilterChain.internalDoFilter(ApplicationFilterChain.java:195)
	at org.apache.catalina.core.ApplicationFilterChain.doFilter(ApplicationFilterChain.java:140)
	at org.apache.tomcat.websocket.server.WsFilter.doFilter(WsFilter.java:51)
	at org.apache.catalina.core.ApplicationFilterChain.internalDoFilter(ApplicationFilterChain.java:164)
	at org.apache.catalina.core.ApplicationFilterChain.doFilter(ApplicationFilterChain.java:140)
	at org.springframework.web.filter.RequestContextFilter.doFilterInternal(RequestContextFilter.java:100)
	at org.springframework.web.filter.OncePerRequestFilter.doFilter(OncePerRequestFilter.java:116)
	at org.apache.catalina.core.ApplicationFilterChain.internalDoFilter(ApplicationFilterChain.java:164)
	at org.apache.catalina.core.ApplicationFilterChain.doFilter(ApplicationFilterChain.java:140)
	at org.springframework.web.filter.FormContentFilter.doFilterInternal(FormContentFilter.java:93)
	at org.springframework.web.filter.OncePerRequestFilter.doFilter(OncePerRequestFilter.java:116)
	at org.apache.catalina.core.ApplicationFilterChain.internalDoFilter(ApplicationFilterChain.java:164)
	at org.apache.catalina.core.ApplicationFilterChain.doFilter(ApplicationFilterChain.java:140)
	at org.springframework.web.filter.CharacterEncodingFilter.doFilterInternal(CharacterEncodingFilter.java:201)
	at org.springframework.web.filter.OncePerRequestFilter.doFilter(OncePerRequestFilter.java:116)
	at org.apache.catalina.core.ApplicationFilterChain.internalDoFilter(ApplicationFilterChain.java:164)
	at org.apache.catalina.core.ApplicationFilterChain.doFilter(ApplicationFilterChain.java:140)
	at org.apache.catalina.core.StandardWrapperValve.invoke(StandardWrapperValve.java:167)
	at org.apache.catalina.core.StandardContextValve.invoke(StandardContextValve.java:90)
	at org.apache.catalina.authenticator.AuthenticatorBase.invoke(AuthenticatorBase.java:482)
	at org.apache.catalina.core.StandardHostValve.invoke(StandardHostValve.java:115)
	at org.apache.catalina.valves.ErrorReportValve.invoke(ErrorReportValve.java:93)
	at org.apache.catalina.core.StandardEngineValve.invoke(StandardEngineValve.java:74)
	at org.apache.catalina.connector.CoyoteAdapter.service(CoyoteAdapter.java:344)
	at org.apache.coyote.http11.Http11Processor.service(Http11Processor.java:389)
	at org.apache.coyote.AbstractProcessorLight.process(AbstractProcessorLight.java:63)
	at org.apache.coyote.AbstractProtocol$ConnectionHandler.process(AbstractProtocol.java:896)
	at org.apache.tomcat.util.net.NioEndpoint$SocketProcessor.doRun(NioEndpoint.java:1741)
	at org.apache.tomcat.util.net.SocketProcessorBase.run(SocketProcessorBase.java:52)
	at org.apache.tomcat.util.threads.ThreadPoolExecutor.runWorker(ThreadPoolExecutor.java:1190)
	at org.apache.tomcat.util.threads.ThreadPoolExecutor$Worker.run(ThreadPoolExecutor.java:659)
	at org.apache.tomcat.util.threads.TaskThread$WrappingRunnable.run(TaskThread.java:63)
	at java.base/java.lang.Thread.run(Thread.java:840)
[2024-06-12T16:16:59.840+0700] [com.Java5.CustomerController.BookingRoomController] [http-nio-8080-exec-2] [62] [INFO ] GET /customer/bookingroom/22 - Fetching room and customer details
[2024-06-12T16:16:59.865+0700] [com.Java5.CustomerController.BookingRoomController] [http-nio-8080-exec-2] [73] [INFO ] Room and customer details found for roomID: 22 and username: user1
[2024-06-12T16:18:04.365+0700] [com.Java5.CustomerController.AboutController] [http-nio-8080-exec-3] [17] [INFO ] GET /about - Displaying about page
[2024-06-12T16:18:32.145+0700] [com.Java5.CustomerController.AboutController] [http-nio-8080-exec-5] [17] [INFO ] GET /about - Displaying about page
[2024-06-12T16:20:17.927+0700] [com.Java5.CustomerController.AboutController] [http-nio-8080-exec-4] [17] [INFO ] GET /about - Displaying about page
[2024-06-12T16:20:26.212+0700] [com.Java5.CustomerController.AboutController] [http-nio-8080-exec-4] [17] [INFO ] GET /about - Displaying about page
[2024-06-12T16:24:44.397+0700] [com.Java5.CustomerController.BookingRoomController] [http-nio-8080-exec-3] [62] [INFO ] GET /customer/bookingroom/21 - Fetching room and customer details
[2024-06-12T16:24:44.439+0700] [com.Java5.CustomerController.BookingRoomController] [http-nio-8080-exec-3] [73] [INFO ] Room and customer details found for roomID: 21 and username: user1
[2024-06-12T16:24:51.888+0700] [com.Java5.CustomerController.BookingRoomController] [http-nio-8080-exec-6] [137] [INFO ] POST /customer/bookingroom/add - Booking room with roomID: 21
[2024-06-12T16:24:52.101+0700] [com.Java5.CustomerController.BookingRoomController] [http-nio-8080-exec-6] [177] [WARN ] The room is already booked for the selected dates for roomID: 21
[2024-06-12T16:24:52.117+0700] [com.Java5.CustomerController.BookingRoomController] [http-nio-8080-exec-7] [62] [INFO ] GET /customer/bookingroom/21 - Fetching room and customer details
[2024-06-12T16:24:52.150+0700] [com.Java5.CustomerController.BookingRoomController] [http-nio-8080-exec-7] [73] [INFO ] Room and customer details found for roomID: 21 and username: user1
[2024-06-12T16:25:00.829+0700] [com.Java5.CustomerController.BookingRoomController] [http-nio-8080-exec-3] [137] [INFO ] POST /customer/bookingroom/add - Booking room with roomID: 21
[2024-06-12T16:25:00.850+0700] [com.Java5.CustomerController.BookingRoomController] [http-nio-8080-exec-3] [177] [WARN ] The room is already booked for the selected dates for roomID: 21
[2024-06-12T16:25:00.858+0700] [com.Java5.CustomerController.BookingRoomController] [http-nio-8080-exec-5] [62] [INFO ] GET /customer/bookingroom/21 - Fetching room and customer details
[2024-06-12T16:25:00.881+0700] [com.Java5.CustomerController.BookingRoomController] [http-nio-8080-exec-5] [73] [INFO ] Room and customer details found for roomID: 21 and username: user1
[2024-06-12T16:28:38.906+0700] [com.Java5.CustomerController.BookingRoomController] [http-nio-8080-exec-6] [62] [INFO ] GET /customer/bookingroom/22 - Fetching room and customer details
[2024-06-12T16:28:38.927+0700] [com.Java5.CustomerController.BookingRoomController] [http-nio-8080-exec-6] [73] [INFO ] Room and customer details found for roomID: 22 and username: user1
[2024-06-12T16:34:59.989+0700] [com.Java5.CustomerController.BookingRoomController] [http-nio-8080-exec-1] [62] [INFO ] GET /customer/bookingroom/21 - Fetching room and customer details
[2024-06-12T16:35:00.019+0700] [com.Java5.CustomerController.BookingRoomController] [http-nio-8080-exec-1] [73] [INFO ] Room and customer details found for roomID: 21 and username: user1
[2024-06-12T16:38:24.194+0700] [com.Java5.CustomerController.SignInController] [http-nio-8080-exec-4] [39] [INFO ] Displaying sign-in page.
[2024-06-12T16:39:33.253+0700] [com.Java5.CustomerController.SignInController] [http-nio-8080-exec-5] [72] [INFO ] Admin [admin1] signed in successfully.
[2024-06-12T17:19:20.570+0700] [com.Java5.CustomerController.SignInController] [http-nio-8080-exec-2] [39] [INFO ] Displaying sign-in page.
[2024-06-12T17:19:20.737+0700] [com.Java5.CustomerController.SignInController] [http-nio-8080-exec-8] [39] [INFO ] Displaying sign-in page.
[2024-06-12T17:19:35.156+0700] [com.Java5.CustomerController.SignUpController] [http-nio-8080-exec-6] [34] [INFO ] GET /customer/signUp - Displaying sign up form
[2024-06-12T17:19:36.053+0700] [com.Java5.CustomerController.SignInController] [http-nio-8080-exec-4] [39] [INFO ] Displaying sign-in page.
[2024-06-12T17:19:39.629+0700] [com.Java5.CustomerController.SignInController] [http-nio-8080-exec-7] [39] [INFO ] Displaying sign-in page.
[2024-06-12T17:19:39.711+0700] [com.Java5.CustomerController.SignInController] [http-nio-8080-exec-2] [39] [INFO ] Displaying sign-in page.
[2024-06-12T17:20:11.503+0700] [com.Java5.CustomerController.SignInController] [http-nio-8080-exec-5] [39] [INFO ] Displaying sign-in page.
[2024-06-12T17:20:11.611+0700] [com.Java5.CustomerController.SignInController] [http-nio-8080-exec-3] [39] [INFO ] Displaying sign-in page.
[2024-06-12T17:20:22.288+0700] [com.Java5.CustomerController.SignInController] [http-nio-8080-exec-6] [83] [WARN ] Sign-in attempt for user [mnhan] failed: invalid username or password.
[2024-06-12T17:20:22.302+0700] [com.Java5.CustomerController.SignInController] [http-nio-8080-exec-9] [39] [INFO ] Displaying sign-in page.
[2024-06-12T17:20:22.393+0700] [com.Java5.CustomerController.SignInController] [http-nio-8080-exec-4] [39] [INFO ] Displaying sign-in page.
[2024-06-12T17:20:48.611+0700] [com.Java5.CustomerController.SignInController] [http-nio-8080-exec-5] [39] [INFO ] Displaying sign-in page.
[2024-06-12T17:20:48.685+0700] [com.Java5.CustomerController.SignInController] [http-nio-8080-exec-2] [39] [INFO ] Displaying sign-in page.
[2024-06-12T17:20:54.067+0700] [com.Java5.CustomerController.SignInController] [http-nio-8080-exec-3] [83] [WARN ] Sign-in attempt for user [mnhan] failed: invalid username or password.
[2024-06-12T17:20:54.067+0700] [com.Java5.CustomerController.SignInController] [http-nio-8080-exec-8] [39] [INFO ] Displaying sign-in page.
[2024-06-12T17:20:54.165+0700] [com.Java5.CustomerController.SignInController] [http-nio-8080-exec-6] [39] [INFO ] Displaying sign-in page.
[2024-06-12T17:21:15.013+0700] [com.Java5.CustomerController.SignInController] [http-nio-8080-exec-1] [72] [INFO ] Customer [mnhan] signed in successfully.
[2024-06-12T17:21:23.013+0700] [com.Java5.CustomerController.BookingRoomController] [http-nio-8080-exec-3] [62] [INFO ] GET /customer/bookingroom/21 - Fetching room and customer details
[2024-06-12T17:21:23.052+0700] [com.Java5.CustomerController.BookingRoomController] [http-nio-8080-exec-3] [73] [INFO ] Room and customer details found for roomID: 21 and username: mnhan
[2024-06-12T17:21:29.085+0700] [com.Java5.CustomerController.BookingRoomController] [http-nio-8080-exec-1] [137] [INFO ] POST /customer/bookingroom/add - Booking room with roomID: 21
[2024-06-12T17:21:29.118+0700] [com.Java5.CustomerController.BookingRoomController] [http-nio-8080-exec-1] [177] [WARN ] The room is already booked for the selected dates for roomID: 21
[2024-06-12T17:21:29.132+0700] [com.Java5.CustomerController.BookingRoomController] [http-nio-8080-exec-4] [62] [INFO ] GET /customer/bookingroom/21 - Fetching room and customer details
[2024-06-12T17:21:29.167+0700] [com.Java5.CustomerController.BookingRoomController] [http-nio-8080-exec-4] [73] [INFO ] Room and customer details found for roomID: 21 and username: mnhan
[2024-06-12T17:21:46.179+0700] [com.Java5.CustomerController.BookingRoomController] [http-nio-8080-exec-3] [137] [INFO ] POST /customer/bookingroom/add - Booking room with roomID: 21
[2024-06-12T17:21:46.205+0700] [com.Java5.CustomerController.BookingRoomController] [http-nio-8080-exec-3] [177] [WARN ] The room is already booked for the selected dates for roomID: 21
[2024-06-12T17:21:46.213+0700] [com.Java5.CustomerController.BookingRoomController] [http-nio-8080-exec-9] [62] [INFO ] GET /customer/bookingroom/21 - Fetching room and customer details
[2024-06-12T17:21:46.240+0700] [com.Java5.CustomerController.BookingRoomController] [http-nio-8080-exec-9] [73] [INFO ] Room and customer details found for roomID: 21 and username: mnhan
